<?xml version="1.0" encoding="UTF-8"?>
<!-- Generated by org.testng.reporters.JUnitReportReporter -->
<testsuite skipped="0" hostname="DESKTOP-P3TS0E9" name="com.Einsta.test.InvalidLogin" tests="1" failures="0" timestamp="20 Aug 2017 12:15:26 GMT" time="14.855" errors="0">
  <testcase name="testInvalidLogin" time="14.855" classname="com.Einsta.test.InvalidLogin"/>
</testsuite> <!-- com.Einsta.test.InvalidLogin -->
