<?xml version="1.0" encoding="UTF-8"?>
<!-- Generated by org.testng.reporters.JUnitReportReporter -->
<testsuite skipped="2" hostname="DESKTOP-P3TS0E9" name="com.Einsta.test.ValidLoginDDT" tests="2" failures="0" timestamp="20 Aug 2017 11:35:13 GMT" time="0.000" errors="0">
  <testcase name="TestValidLogin" time="0.000" classname="com.Einsta.test.ValidLoginDDT">
    <skipped/>
  </testcase> <!-- TestValidLogin -->
  <testcase name="TestValidLogin" time="0.000" classname="com.Einsta.test.ValidLoginDDT">
    <skipped/>
  </testcase> <!-- TestValidLogin -->
</testsuite> <!-- com.Einsta.test.ValidLoginDDT -->
