<?xml version="1.0" encoding="UTF-8"?>
<!-- Generated by org.testng.reporters.JUnitReportReporter -->
<testsuite skipped="0" hostname="DESKTOP-P3TS0E9" name="com.Einsta.test.ValidLogin" tests="1" failures="0" timestamp="20 Aug 2017 12:15:26 GMT" time="17.258" errors="0">
  <testcase name="testValidLogin" time="17.258" classname="com.Einsta.test.ValidLogin"/>
</testsuite> <!-- com.Einsta.test.ValidLogin -->
